# Standardized format: timestamp,action,coin,amount,price,portfolio_value
# Old entries filled with placeholders for missing fields
2025-05-19T23:09:24.052245,SELL,UNKNOWN,NaN,NaN,NaN
2025-05-19T23:10:13.853271,BUY,UNKNOWN,NaN,NaN,NaN
2025-05-19T23:10:17.860806,SELL,UNKNOWN,NaN,NaN,NaN
2025-05-19T23:10:23.870825,BUY,UNKNOWN,NaN,NaN,NaN
2025-05-19T23:10:27.875586,BUY,UNKNOWN,NaN,NaN,NaN
2025-05-19T23:10:41.891848,SELL,UNKNOWN,NaN,NaN,NaN
2025-05-19T23:10:45.897667,SELL,UNKNOWN,NaN,NaN,NaN
2025-05-19T23:10:47.901745,SELL,UNKNOWN,NaN,NaN,NaN
2025-05-19T23:10:51.908683,SELL,UNKNOWN,NaN,NaN,NaN
2025-05-19T23:10:55.913632,SELL,UNKNOWN,NaN,NaN,NaN
2025-05-19T23:10:57.917775,SELL,UNKNOWN,NaN,NaN,NaN
2025-05-19T23:11:01.924345,BUY,UNKNOWN,NaN,NaN,NaN
2025-05-19T23:11:09.936316,BUY,UNKNOWN,NaN,NaN,NaN
2025-05-19T23:11:11.941110,BUY,UNKNOWN,NaN,NaN,NaN
2025-05-19T23:11:17.948486,SELL,UNKNOWN,NaN,NaN,NaN
2025-05-19T23:11:19.952568,BUY,UNKNOWN,NaN,NaN,NaN
2025-05-19T23:11:23.958953,SELL,UNKNOWN,NaN,NaN,NaN
2025-05-19T23:11:27.964922,SELL,UNKNOWN,NaN,NaN,NaN
2025-05-19T23:11:29.968725,SELL,UNKNOWN,NaN,NaN,NaN
2025-05-19T23:11:33.975458,BUY,UNKNOWN,NaN,NaN,NaN
2025-05-19T23:11:35.979516,SELL,UNKNOWN,NaN,NaN,NaN
2025-05-19T23:11:39.985162,SELL,UNKNOWN,NaN,NaN,NaN
2025-05-19T23:11:43.991938,BUY,UNKNOWN,NaN,NaN,NaN
2025-05-19T23:11:45.996209,BUY,UNKNOWN,NaN,NaN,NaN
2025-05-19T23:11:48.000425,SELL,UNKNOWN,NaN,NaN,NaN
2025-05-19T23:11:58.010252,SELL,UNKNOWN,NaN,NaN,NaN
2025-05-19T23:12:00.014189,SELL,UNKNOWN,NaN,NaN,NaN
2025-05-19T23:12:06.023320,SELL,UNKNOWN,NaN,NaN,NaN
2025-05-19T23:12:12.030491,SELL,UNKNOWN,NaN,NaN,NaN
2025-05-19T23:12:20.039731,SELL,UNKNOWN,NaN,NaN,NaN
2025-05-19T23:12:22.043307,SELL,UNKNOWN,NaN,NaN,NaN
2025-05-19T23:12:32.056001,SELL,UNKNOWN,NaN,NaN,NaN
2025-05-19T23:12:36.061369,BUY,UNKNOWN,NaN,NaN,NaN
2025-05-19T23:12:38.065510,SELL,UNKNOWN,NaN,NaN,NaN
2025-05-19T23:12:40.069513,SELL,UNKNOWN,NaN,NaN,NaN
2025-05-19T23:12:44.075033,SELL,UNKNOWN,NaN,NaN,NaN
2025-05-19T23:12:52.085429,SELL,UNKNOWN,NaN,NaN,NaN
2025-05-19T23:12:54.089480,BUY,UNKNOWN,NaN,NaN,NaN
2025-05-19T23:13:36.996409,BUY,UNKNOWN,NaN,NaN,NaN
2025-05-19T23:13:41.003123,BUY,UNKNOWN,NaN,NaN,NaN
2025-05-19T23:13:49.012203,SELL,UNKNOWN,NaN,NaN,NaN
2025-05-19T23:13:51.015083,SELL,UNKNOWN,NaN,NaN,NaN
2025-05-19T23:14:09.035150,SELL,UNKNOWN,NaN,NaN,NaN
2025-05-19T23:14:11.037570,BUY,UNKNOWN,NaN,NaN,NaN
2025-05-19T23:14:15.045511,BUY,UNKNOWN,NaN,NaN,NaN
2025-05-19T23:14:17.049134,BUY,UNKNOWN,NaN,NaN,NaN
2025-05-19T23:14:27.061560,BUY,UNKNOWN,NaN,NaN,NaN
2025-05-19T23:14:29.065556,SELL,UNKNOWN,NaN,NaN,NaN
2025-05-19T23:14:31.070790,BUY,UNKNOWN,NaN,NaN,NaN
2025-05-19T23:14:37.078801,BUY,UNKNOWN,NaN,NaN,NaN
2025-05-19T23:14:51.097137,SELL,UNKNOWN,NaN,NaN,NaN
2025-05-19T23:14:53.100897,SELL,UNKNOWN,NaN,NaN,NaN
2025-05-19T23:15:01.111279,BUY,UNKNOWN,NaN,NaN,NaN
2025-05-19T23:15:03.116813,BUY,UNKNOWN,NaN,NaN,NaN
2025-05-19T23:15:05.122491,SELL,UNKNOWN,NaN,NaN,NaN
2025-05-19T23:15:07.127306,BUY,UNKNOWN,NaN,NaN,NaN
2025-05-19T23:15:09.132554,BUY,UNKNOWN,NaN,NaN,NaN
2025-05-19T23:15:13.137895,BUY,UNKNOWN,NaN,NaN,NaN
2025-05-19T23:15:23.150402,BUY,UNKNOWN,NaN,NaN,NaN
2025-05-19T23:15:33.162035,SELL,UNKNOWN,NaN,NaN,NaN
2025-05-19T23:15:47.178656,SELL,UNKNOWN,NaN,NaN,NaN
2025-05-19T23:15:51.186544,BUY,UNKNOWN,NaN,NaN,NaN
2025-05-19T23:15:53.191257,BUY,UNKNOWN,NaN,NaN,NaN
2025-05-19T23:16:11.212864,SELL,UNKNOWN,NaN,NaN,NaN
2025-05-19T23:16:17.221037,BUY,UNKNOWN,NaN,NaN,NaN
2025-05-19T23:16:29.237261,SELL,UNKNOWN,NaN,NaN,NaN
2025-05-19T23:16:45.256455,BUY,UNKNOWN,NaN,NaN,NaN
2025-05-19T23:16:55.268277,SELL,UNKNOWN,NaN,NaN,NaN
2025-05-19T23:17:05.281468,SELL,UNKNOWN,NaN,NaN,NaN
2025-05-19T23:17:07.285923,SELL,UNKNOWN,NaN,NaN,NaN
2025-05-19T23:17:13.293511,SELL,UNKNOWN,NaN,NaN,NaN
2025-05-19T23:17:21.304418,SELL,UNKNOWN,NaN,NaN,NaN
2025-05-19T23:17:23.308840,SELL,UNKNOWN,NaN,NaN,NaN
2025-05-19T23:17:25.313003,SELL,UNKNOWN,NaN,NaN,NaN
2025-05-19T23:17:33.323910,SELL,UNKNOWN,NaN,NaN,NaN
2025-05-19T23:17:39.331023,BUY,UNKNOWN,NaN,NaN,NaN
2025-05-19T23:17:41.334856,BUY,UNKNOWN,NaN,NaN,NaN
2025-05-19T23:17:43.337749,SELL,UNKNOWN,NaN,NaN,NaN
2025-05-19T23:17:45.342045,SELL,UNKNOWN,NaN,NaN,NaN
2025-05-19T23:17:47.346572,BUY,UNKNOWN,NaN,NaN,NaN
2025-05-19T23:17:53.354228,SELL,UNKNOWN,NaN,NaN,NaN
2025-05-19T23:17:57.359430,BUY,UNKNOWN,NaN,NaN,NaN
2025-05-19T23:17:59.363179,BUY,UNKNOWN,NaN,NaN,NaN
2025-05-19T23:18:11.376719,BUY,UNKNOWN,NaN,NaN,NaN
2025-05-19T23:18:21.387752,BUY,UNKNOWN,NaN,NaN,NaN
2025-05-19T23:18:27.395405,BUY,UNKNOWN,NaN,NaN,NaN
2025-05-19T23:18:29.399762,SELL,UNKNOWN,NaN,NaN,NaN
2025-05-19T23:18:31.402706,BUY,UNKNOWN,NaN,NaN,NaN
2025-05-19T23:18:33.408054,BUY,UNKNOWN,NaN,NaN,NaN
2025-05-19T23:18:35.411442,BUY,UNKNOWN,NaN,NaN,NaN
2025-05-19T23:18:43.419626,SELL,UNKNOWN,NaN,NaN,NaN
2025-05-19T23:18:47.425405,BUY,UNKNOWN,NaN,NaN,NaN
2025-05-19T23:18:53.434210,BUY,UNKNOWN,NaN,NaN,NaN
2025-05-19T23:19:01.443380,BUY,UNKNOWN,NaN,NaN,NaN
2025-05-19T23:19:03.448792,SELL,UNKNOWN,NaN,NaN,NaN
2025-05-19T23:19:05.453314,SELL,UNKNOWN,NaN,NaN,NaN
2025-05-19T23:19:07.456040,BUY,UNKNOWN,NaN,NaN,NaN
2025-05-19T23:19:13.465807,BUY,UNKNOWN,NaN,NaN,NaN
2025-05-19T23:19:15.469627,SELL,UNKNOWN,NaN,NaN,NaN
2025-05-19T23:19:17.474159,BUY,UNKNOWN,NaN,NaN,NaN
2025-05-19T23:19:19.477101,SELL,UNKNOWN,NaN,NaN,NaN
2025-05-19T23:19:21.481568,SELL,UNKNOWN,NaN,NaN,NaN
2025-05-19T23:19:25.488413,BUY,UNKNOWN,NaN,NaN,NaN
2025-05-19T23:19:29.496023,SELL,UNKNOWN,NaN,NaN,NaN
2025-05-19T23:19:31.499595,SELL,UNKNOWN,NaN,NaN,NaN
2025-05-19T23:19:35.505897,BUY,UNKNOWN,NaN,NaN,NaN
2025-05-19T23:19:37.508660,BUY,UNKNOWN,NaN,NaN,NaN
2025-05-19T23:19:41.516516,BUY,UNKNOWN,NaN,NaN,NaN
2025-05-19T23:19:53.532852,SELL,UNKNOWN,NaN,NaN,NaN
2025-05-19T23:19:55.535836,BUY,UNKNOWN,NaN,NaN,NaN
2025-05-19T23:19:57.540466,BUY,UNKNOWN,NaN,NaN,NaN
2025-05-19T23:19:59.543864,SELL,UNKNOWN,NaN,NaN,NaN
2025-05-19T23:20:05.550835,SELL,UNKNOWN,NaN,NaN,NaN
2025-05-19T23:20:13.559375,BUY,UNKNOWN,NaN,NaN,NaN
2025-05-19T23:20:15.564185,SELL,UNKNOWN,NaN,NaN,NaN
2025-05-19T23:20:19.571760,BUY,UNKNOWN,NaN,NaN,NaN
2025-05-19T23:20:21.576452,SELL,UNKNOWN,NaN,NaN,NaN
2025-05-19T23:20:23.579355,SELL,UNKNOWN,NaN,NaN,NaN
2025-05-19T23:20:25.584567,SELL,UNKNOWN,NaN,NaN,NaN
2025-05-19T23:20:27.589057,BUY,UNKNOWN,NaN,NaN,NaN
2025-05-19T23:20:29.592889,BUY,UNKNOWN,NaN,NaN,NaN
2025-05-19T23:20:35.600673,SELL,UNKNOWN,NaN,NaN,NaN
2025-05-19T23:20:41.608737,SELL,UNKNOWN,NaN,NaN,NaN
2025-05-19T23:20:45.614274,SELL,UNKNOWN,NaN,NaN,NaN
2025-05-19T23:20:47.618914,SELL,UNKNOWN,NaN,NaN,NaN
2025-05-19T23:20:57.630085,BUY,UNKNOWN,NaN,NaN,NaN
2025-05-19T23:21:01.636158,SELL,UNKNOWN,NaN,NaN,NaN
2025-05-19T23:21:19.660031,BUY,UNKNOWN,NaN,NaN,NaN
2025-05-19T23:21:27.669898,BUY,UNKNOWN,NaN,NaN,NaN
2025-05-19T23:21:29.673715,SELL,UNKNOWN,NaN,NaN,NaN
2025-05-19T23:21:33.679780,BUY,UNKNOWN,NaN,NaN,NaN
2025-05-19T23:21:37.687298,BUY,UNKNOWN,NaN,NaN,NaN
2025-05-19T23:21:39.693036,SELL,UNKNOWN,NaN,NaN,NaN
2025-05-19T23:21:41.698524,SELL,UNKNOWN,NaN,NaN,NaN
2025-05-19T23:21:45.704463,SELL,UNKNOWN,NaN,NaN,NaN
2025-05-19T23:21:55.716774,SELL,UNKNOWN,NaN,NaN,NaN
2025-05-19T23:21:59.723380,SELL,UNKNOWN,NaN,NaN,NaN
2025-05-19T23:22:01.726175,BUY,UNKNOWN,NaN,NaN,NaN
2025-05-19T23:22:03.729464,BUY,UNKNOWN,NaN,NaN,NaN
2025-05-19T23:22:05.731825,BUY,UNKNOWN,NaN,NaN,NaN
2025-05-19T23:22:13.743251,SELL,UNKNOWN,NaN,NaN,NaN
2025-05-19T23:22:15.746425,SELL,UNKNOWN,NaN,NaN,NaN
2025-05-19T23:22:19.753396,SELL,UNKNOWN,NaN,NaN,NaN
2025-05-19T23:22:23.759793,BUY,UNKNOWN,NaN,NaN,NaN
2025-05-19T23:22:25.765170,SELL,UNKNOWN,NaN,NaN,NaN
2025-05-19T23:22:29.771031,BUY,UNKNOWN,NaN,NaN,NaN
2025-05-19T23:22:35.778889,BUY,UNKNOWN,NaN,NaN,NaN
2025-05-19T23:22:39.784005,BUY,UNKNOWN,NaN,NaN,NaN
2025-05-19T23:22:45.794318,BUY,UNKNOWN,NaN,NaN,NaN
2025-05-19T23:22:51.803190,SELL,UNKNOWN,NaN,NaN,NaN
2025-05-19T23:23:05.820796,BUY,UNKNOWN,NaN,NaN,NaN
2025-05-19T23:23:09.827544,BUY,UNKNOWN,NaN,NaN,NaN
2025-05-19T23:23:29.852484,BUY,UNKNOWN,NaN,NaN,NaN
2025-05-19T23:23:35.861772,BUY,UNKNOWN,NaN,NaN,NaN
2025-05-19T23:23:50.357383,BUY,UNKNOWN,NaN,NaN,NaN
2025-05-19T23:23:54.364680,SELL,UNKNOWN,NaN,NaN,NaN
2025-05-19T23:23:56.367878,BUY,UNKNOWN,NaN,NaN,NaN
2025-05-19T23:23:58.371866,BUY,UNKNOWN,NaN,NaN,NaN
2025-05-19T23:24:02.379627,SELL,UNKNOWN,NaN,NaN,NaN
2025-05-19T23:24:04.383724,SELL,UNKNOWN,NaN,NaN,NaN
2025-05-19T23:24:06.387614,SELL,UNKNOWN,NaN,NaN,NaN
2025-05-19T23:24:08.392484,BUY,UNKNOWN,NaN,NaN,NaN
2025-05-19T23:24:14.401882,BUY,UNKNOWN,NaN,NaN,NaN
2025-05-19T23:24:16.406888,BUY,UNKNOWN,NaN,NaN,NaN
2025-05-19T23:24:22.414791,BUY,UNKNOWN,NaN,NaN,NaN
2025-05-19T23:24:26.421778,BUY,UNKNOWN,NaN,NaN,NaN
2025-05-19T23:24:36.434656,BUY,UNKNOWN,NaN,NaN,NaN
2025-05-19T23:24:40.443837,SELL,UNKNOWN,NaN,NaN,NaN
2025-05-19T23:24:44.449732,SELL,UNKNOWN,NaN,NaN,NaN
2025-05-19T23:24:48.456112,SELL,UNKNOWN,NaN,NaN,NaN
2025-05-19T23:24:52.463041,SELL,UNKNOWN,NaN,NaN,NaN
2025-05-19T23:24:58.471662,SELL,UNKNOWN,NaN,NaN,NaN
2025-05-19T23:25:00.475939,BUY,UNKNOWN,NaN,NaN,NaN
2025-05-19T23:25:02.480401,SELL,UNKNOWN,NaN,NaN,NaN
2025-05-19T23:25:04.485458,SELL,UNKNOWN,NaN,NaN,NaN
2025-05-19T23:25:08.489860,BUY,UNKNOWN,NaN,NaN,NaN
2025-05-19T23:25:10.494038,SELL,UNKNOWN,NaN,NaN,NaN
2025-05-19T23:25:12.498546,BUY,UNKNOWN,NaN,NaN,NaN
2025-05-19T23:25:14.501501,BUY,UNKNOWN,NaN,NaN,NaN
2025-05-19T23:25:20.509473,SELL,UNKNOWN,NaN,NaN,NaN
2025-05-19T23:25:22.513888,SELL,UNKNOWN,NaN,NaN,NaN
2025-05-19T23:25:24.517577,BUY,UNKNOWN,NaN,NaN,NaN
2025-05-19T23:33:16.778365,SELL,UNKNOWN,NaN,NaN,NaN
2025-05-19T23:33:22.788231,BUY,UNKNOWN,NaN,NaN,NaN
2025-05-19T23:33:28.799980,SELL,UNKNOWN,NaN,NaN,NaN
2025-05-19T23:33:32.807979,SELL,UNKNOWN,NaN,NaN,NaN
2025-05-19T23:33:36.815916,BUY,UNKNOWN,NaN,NaN,NaN
2025-05-19T23:33:38.821897,BUY,UNKNOWN,NaN,NaN,NaN
2025-05-19T23:33:42.829815,BUY,UNKNOWN,NaN,NaN,NaN
2025-05-19T23:33:46.838076,SELL,UNKNOWN,NaN,NaN,NaN
2025-05-19T23:33:52.849712,BUY,UNKNOWN,NaN,NaN,NaN
2025-05-19T23:33:58.859527,SELL,UNKNOWN,NaN,NaN,NaN
2025-05-19T23:34:00.864818,SELL,UNKNOWN,NaN,NaN,NaN
2025-05-19T23:34:04.872183,BUY,UNKNOWN,NaN,NaN,NaN
2025-05-19T23:34:14.887364,BUY,UNKNOWN,NaN,NaN,NaN
2025-05-19T23:34:24.905202,SELL,UNKNOWN,NaN,NaN,NaN
2025-05-19T23:34:36.924520,SELL,UNKNOWN,NaN,NaN,NaN
2025-05-19T23:34:38.930122,BUY,UNKNOWN,NaN,NaN,NaN
2025-05-19T23:34:42.937572,BUY,UNKNOWN,NaN,NaN,NaN
2025-05-19T23:34:46.946271,BUY,UNKNOWN,NaN,NaN,NaN
2025-05-19T23:34:50.954343,BUY,UNKNOWN,NaN,NaN,NaN
2025-05-19T23:34:54.962081,BUY,UNKNOWN,NaN,NaN,NaN
2025-05-19T23:35:00.972706,BUY,UNKNOWN,NaN,NaN,NaN
2025-05-19T23:35:04.980977,BUY,UNKNOWN,NaN,NaN,NaN
2025-05-19T23:35:08.988340,SELL,UNKNOWN,NaN,NaN,NaN
2025-05-19T23:35:19.005559,BUY,UNKNOWN,NaN,NaN,NaN
2025-05-19T23:35:31.024625,BUY,UNKNOWN,NaN,NaN,NaN
2025-05-19T23:43:40.923615,SELL,UNKNOWN,NaN,NaN,NaN
2025-05-19T23:43:42.931116,SELL,UNKNOWN,NaN,NaN,NaN
2025-05-19T23:43:48.946938,BUY,UNKNOWN,NaN,NaN,NaN
2025-05-19T23:43:50.953809,BUY,UNKNOWN,NaN,NaN,NaN
2025-05-19T23:43:54.965975,BUY,UNKNOWN,NaN,NaN,NaN
2025-05-19T23:43:56.974092,BUY,UNKNOWN,NaN,NaN,NaN
2025-05-20T03:33:40.709141,BUY,bitcoin,0.200000,10000.00,10000.00
2025-05-20T03:33:41.746295,BUY,ethereum,0.160000,10000.00,10000.00
2025-05-20T03:33:42.785184,BUY,litecoin,0.128000,10000.00,10000.00
2025-05-20T03:33:43.824653,BUY,cardano,0.102400,10000.00,10000.00
2025-05-20T03:33:44.859039,BUY,dogecoin,0.081920,10000.00,10000.00
2025-05-20T03:33:45.888637,SELL,bitcoin,0.100000,10000.00,10000.00
2025-05-20T03:33:46.910842,SELL,ethereum,0.080000,10000.00,10000.00
2025-05-20T03:33:47.937991,SELL,litecoin,0.064000,10000.00,10000.00
2025-05-20T03:33:48.958101,SELL,cardano,0.051200,10000.00,10000.00
2025-05-20T03:33:49.988417,SELL,dogecoin,0.040960,10000.00,10000.00
2025-05-20T04:36:19.898932,BUY,bitcoin,0.132768,10000.00,10000.00
2025-05-20T04:36:20.920856,BUY,ethereum,0.106214,10000.00,10000.00
2025-05-20T04:36:21.943392,BUY,litecoin,0.084972,10000.00,10000.00
2025-05-20T04:36:22.963915,BUY,cardano,0.067977,10000.00,10000.00
2025-05-20T04:36:23.987466,BUY,dogecoin,0.054382,10000.00,10000.00
2025-05-20T04:36:24.999770,SELL,bitcoin,0.116384,10000.00,10000.00
2025-05-20T04:36:26.022397,SELL,ethereum,0.093107,10000.00,10000.00
2025-05-20T04:36:27.035040,SELL,litecoin,0.074486,10000.00,10000.00
2025-05-20T04:36:28.058781,SELL,cardano,0.059589,10000.00,10000.00
2025-05-20T04:36:29.069916,SELL,dogecoin,0.047671,10000.00,10000.00
2025-05-20T04:45:27.782308,SELL,bitcoin,0.058192,10000.00,8927.41
2025-05-20T04:45:31.871552,SELL,litecoin,0.037243,10000.00,8927.41
2025-05-20T04:45:37.735653,SELL,bitcoin,0.058192,10000.00,9404.11
2025-05-20T04:45:43.859900,SELL,litecoin,0.037243,10000.00,9404.11
2025-05-20T04:45:54.037983,BUY,litecoin,0.140840,10000.00,9404.11
2025-05-20T04:46:18.441707,BUY,ripple,0.112672,10000.00,9404.11
2025-05-20T04:46:28.761733,SELL,litecoin,0.018621,10000.00,8927.41
2025-05-20T04:50:06.186223,BUY,bitcoin,0.144564,10000.00,8927.41
2025-05-20T04:50:40.738611,SELL,ethereum,0.046554,10000.00,8927.41
2025-05-20T04:50:42.800616,SELL,bitcoin,0.101378,10000.00,8927.41
2025-05-20T04:50:57.030046,SELL,bitcoin,0.050689,10000.00,8927.41
2025-05-20T04:51:23.434172,SELL,ethereum,0.023277,10000.00,8927.41
2025-05-20T04:52:14.735367,BUY,bitcoin,0.160031,10000.00,8927.41
2025-05-20T04:52:22.881956,SELL,litecoin,0.009311,10000.00,8927.41
2025-05-20T04:52:26.993258,SELL,bitcoin,0.105360,10000.00,8927.41
2025-05-20T05:16:08.036386: BUY bitcoin 0.150959 at $10000.00, Portfolio: $8927.41
2025-05-20T05:16:09.060066: BUY ethereum 0.120767 at $10000.00, Portfolio: $8927.41
2025-05-20T05:16:10.090679: BUY litecoin 0.096614 at $10000.00, Portfolio: $8927.41
2025-05-20T05:16:11.103256: BUY cardano 0.077291 at $10000.00, Portfolio: $8927.41
2025-05-20T05:16:12.136221: BUY dogecoin 0.061833 at $10000.00, Portfolio: $8927.41
2025-05-20T05:16:13.156743: SELL bitcoin 0.128159 at $10000.00, Portfolio: $8927.41
2025-05-20T05:16:14.169119: SELL ethereum 0.072022 at $10000.00, Portfolio: $8927.41
2025-05-20T05:16:15.192892: SELL litecoin 0.052962 at $10000.00, Portfolio: $8927.41
2025-05-20T05:16:16.215003: SELL cardano 0.038645 at $10000.00, Portfolio: $8927.41
2025-05-20T05:16:17.238724: SELL dogecoin 0.030916 at $10000.00, Portfolio: $8927.41
